#
# A fatal error has been detected by the Java Runtime Environment:
#
#  EXCEPTION_ACCESS_VIOLATION (0xc0000005) at pc=0x64c1e0ae, pid=5444, tid=5772
#
# JRE version: 7.0_25-b17
# Java VM: Java HotSpot(TM) Client VM (23.25-b01 mixed mode, sharing windows-x86 )
# Problematic frame:
# V  [jvm.dll+0x1e0ae]
#
# Failed to write core dump. Minidumps are not enabled by default on client versions of Windows
#
# If you would like to submit a bug report, please visit:
#   http://bugreport.sun.com/bugreport/crash.jsp
#

---------------  T H R E A D  ---------------

Current thread (0x01c0a000):  JavaThread "Signal Dispatcher" daemon [_thread_in_vm, id=5772, stack(0x01320000,0x01370000)]

siginfo: ExceptionCode=0xc0000005, reading address 0x00000032

Registers:
EAX=0x00000000, EBX=0x00000001, ECX=0x00000000, EDX=0x00000032
ESP=0x0136f42c, EBP=0x0136f42c, ESI=0x01c0a000, EDI=0x00000000
EIP=0x64c1e0ae, EFLAGS=0x00010246

Top of Stack: (sp=0x0136f42c)
0x0136f42c:   0136f464 64d443eb 00000000 01c0a000
0x0136f43c:   00000090 00000001 01c07d28 0136f460
0x0136f44c:   64d26976 00000000 64d255a5 00000000
0x0136f45c:   01c0a000 0136f498 0136f498 64d445b0
0x0136f46c:   00000000 01c0a000 00000000 00000000
0x0136f47c:   00000000 00000000 00000000 00000004
0x0136f48c:   6a01015d 0136f458 6a6021fa 0136f858
0x0136f49c:   64d77bb9 f537e334 fffffffe 75f7140a 

Instructions: (pc=0x64c1e0ae)
0x64c1e08e:   64 89 04 0a 5d c3 cc cc cc cc cc cc cc cc cc cc
0x64c1e09e:   cc cc 55 8b ec 8b 4d 08 8b 15 d0 6d ef 64 33 c0
0x64c1e0ae:   38 04 0a 0f 95 c0 5d c3 cc cc cc cc cc cc cc cc
0x64c1e0be:   cc cc 55 8b ec 8b 45 08 8b 0d d0 6d ef 64 c6 04 


Register to memory mapping:

EAX=0x00000000 is an unknown value
EBX=0x00000001 is an unknown value
ECX=0x00000000 is an unknown value
EDX=0x00000032 is an unknown value
ESP=0x0136f42c is pointing into the stack for thread: 0x01c0a000
EBP=0x0136f42c is pointing into the stack for thread: 0x01c0a000
ESI=0x01c0a000 is a thread
EDI=0x00000000 is an unknown value


Stack: [0x01320000,0x01370000],  sp=0x0136f42c,  free space=317k
Native frames: (J=compiled Java code, j=interpreted, Vv=VM code, C=native code)
V  [jvm.dll+0x1e0ae]
V  [jvm.dll+0x1443eb]
V  [jvm.dll+0x1445b0]
V  [jvm.dll+0x177bb9]
C  [msvcr100.dll+0x5c6de]  endthreadex+0x3a
C  [msvcr100.dll+0x5c788]  endthreadex+0xe4
C  [kernel32.dll+0x51174]  BaseThreadInitThunk+0x12
C  [ntdll.dll+0x5b3f5]  RtlInitializeExceptionChain+0x63
C  [ntdll.dll+0x5b3c8]  RtlInitializeExceptionChain+0x36


---------------  P R O C E S S  ---------------

Java Threads: ( => current thread )
  0x044f3000 JavaThread "ReaderThread" [_thread_in_native, id=3316, stack(0x040f0000,0x04140000)]
  0x01c18c00 JavaThread "Service Thread" daemon [_thread_blocked, id=3964, stack(0x03fd0000,0x04020000)]
  0x01c0ec00 JavaThread "C1 CompilerThread0" daemon [_thread_blocked, id=5940, stack(0x041d0000,0x04220000)]
  0x01c0d400 JavaThread "Attach Listener" daemon [_thread_blocked, id=3360, stack(0x03e70000,0x03ec0000)]
=>0x01c0a000 JavaThread "Signal Dispatcher" daemon [_thread_in_vm, id=5772, stack(0x01320000,0x01370000)]
  0x01bfa400 JavaThread "Finalizer" daemon [_thread_blocked, id=3380, stack(0x040a0000,0x040f0000)]
  0x01bf5400 JavaThread "Reference Handler" daemon [_thread_blocked, id=5404, stack(0x03f70000,0x03fc0000)]
  0x0120ac00 JavaThread "main" [_thread_blocked, id=5944, stack(0x01260000,0x012b0000)]

Other Threads:
  0x01bf4000 VMThread [stack: 0x03f20000,0x03f70000] [id=5200]
  0x01c1b000 WatcherThread [stack: 0x04220000,0x04270000] [id=4080]

VM state:synchronizing (normal execution)

VM Mutex/Monitor currently owned by a thread:  ([mutex/lock_event])
[0x01208e98] Threads_lock - owner thread: 0x01bf4000
[0x012096b8] Compile_lock - owner thread: 0x0120ac00

Heap
 def new generation   total 4928K, used 4124K [0x23ce0000, 0x24230000, 0x29230000)
  eden space 4416K,  93% used [0x23ce0000, 0x240e7380, 0x24130000)
  from space 512K,   0% used [0x24130000, 0x24130000, 0x241b0000)
  to   space 512K,   0% used [0x241b0000, 0x241b0000, 0x24230000)
 tenured generation   total 10944K, used 0K [0x29230000, 0x29ce0000, 0x33ce0000)
   the space 10944K,   0% used [0x29230000, 0x29230000, 0x29230200, 0x29ce0000)
 compacting perm gen  total 12288K, used 947K [0x33ce0000, 0x348e0000, 0x37ce0000)
   the space 12288K,   7% used [0x33ce0000, 0x33dcce68, 0x33dcd000, 0x348e0000)
    ro space 10240K,  42% used [0x37ce0000, 0x38124240, 0x38124400, 0x386e0000)
    rw space 12288K,  54% used [0x386e0000, 0x38d64d58, 0x38d64e00, 0x392e0000)

Card table byte_map: [0x03cd0000,0x03d80000] byte_map_base: 0x03bb1900

Polling page: 0x011c0000

Code Cache  [0x01c50000, 0x01d08000, 0x03c50000)
 total_blobs=224 nmethods=80 adapters=79 free_code_cache=32056Kb largest_free_block=32826112

Compilation events (10 events):
Event: 0.067 Thread 0x01c0ec00    8             java.lang.CharacterData::of (120 bytes)
Event: 0.067 Thread 0x01c0ec00 nmethod 8 0x01ce1988 code [0x01ce1ac0, 0x01ce1e20]
Event: 0.067 Thread 0x01c0ec00    9             java.lang.CharacterDataLatin1::getProperties (11 bytes)
Event: 0.067 Thread 0x01c0ec00 nmethod 9 0x01ce2048 code [0x01ce2140, 0x01ce21e0]
Event: 0.068 Thread 0x01c0ec00   10             java.lang.Character::toUpperCaseEx (30 bytes)
Event: 0.068 Thread 0x01c0ec00 nmethod 10 0x01ce2288 code [0x01ce2390, 0x01ce2438]
Event: 0.068 Thread 0x01c0ec00   11             java.lang.CharacterDataLatin1::toUpperCaseEx (71 bytes)
Event: 0.068 Thread 0x01c0ec00 nmethod 11 0x01ce24c8 code [0x01ce25c0, 0x01ce26c0]
Event: 0.068 Thread 0x01c0ec00   12             java.lang.String::toUpperCase (439 bytes)
Event: 0.069 Thread 0x01c0ec00 nmethod 12 0x01ce27c8 code [0x01ce29d0, 0x01ce31d0]

GC Heap History (0 events):
No events

Deoptimization events (0 events):
No events

Internal exceptions (2 events):
Event: 0.022 Thread 0x0120ac00 Threw 0x23ce11d8 at C:\jdk7u2_32P\jdk7u25\hotspot\src\share\vm\prims\jni.cpp:3994
Event: 0.061 Thread 0x0120ac00 Threw 0x23d201b0 at C:\jdk7u2_32P\jdk7u25\hotspot\src\share\vm\prims\jvm.cpp:1235

Events (10 events):
Event: 0.058 loading class 0x393df128 done
Event: 0.059 loading class 0x393c0040
Event: 0.059 loading class 0x393c0040 done
Event: 0.059 loading class 0x393e1758
Event: 0.059 loading class 0x393e1758 done
Event: 0.059 loading class 0x393b5948
Event: 0.060 loading class 0x393b5948 done
Event: 0.060 loading class 0x393b40d0
Event: 0.060 loading class 0x393b40d0 done
Event: 0.069 loading class 0x39389950


Dynamic libraries:
0x01190000 - 0x011bf000 	C:\Program Files\Java\jre7\bin\javaw.exe
0x771f0000 - 0x7732c000 	C:\Windows\SYSTEM32\ntdll.dll
0x761c0000 - 0x76294000 	C:\Windows\system32\kernel32.dll
0x755f0000 - 0x7563a000 	C:\Windows\system32\KERNELBASE.dll
0x75ed0000 - 0x75f70000 	C:\Windows\system32\ADVAPI32.dll
0x762a0000 - 0x7634c000 	C:\Windows\system32\msvcrt.dll
0x75de0000 - 0x75df9000 	C:\Windows\SYSTEM32\sechost.dll
0x75ad0000 - 0x75b71000 	C:\Windows\system32\RPCRT4.dll
0x75e00000 - 0x75ec9000 	C:\Windows\system32\USER32.dll
0x76350000 - 0x7639e000 	C:\Windows\system32\GDI32.dll
0x77330000 - 0x7733a000 	C:\Windows\system32\LPK.dll
0x75a30000 - 0x75acd000 	C:\Windows\system32\USP10.dll
0x740a0000 - 0x7423e000 	C:\Windows\WinSxS\x86_microsoft.windows.common-controls_6595b64144ccf1df_6.0.7600.16385_none_421189da2b7fabfc\COMCTL32.dll
0x77340000 - 0x77397000 	C:\Windows\system32\SHLWAPI.dll
0x75dc0000 - 0x75ddf000 	C:\Windows\system32\IMM32.DLL
0x757b0000 - 0x7587c000 	C:\Windows\system32\MSCTF.dll
0x6d5c0000 - 0x6d5ec000 	c:\program files\net protector 2013\Zvfort32.dll
0x76130000 - 0x761bf000 	C:\Windows\system32\OLEAUT32.dll
0x75640000 - 0x7579c000 	C:\Windows\system32\ole32.dll
0x6d510000 - 0x6d5b3000 	C:\Windows\WinSxS\x86_microsoft.vc90.crt_1fc8b3b9a1e18e3b_9.0.30729.4926_none_508ed732bcbc0e5a\MSVCR90.dll
0x6a5f0000 - 0x6a6ae000 	C:\Program Files\Java\jre7\bin\msvcr100.dll
0x64c00000 - 0x64f42000 	C:\Program Files\Java\jre7\bin\client\jvm.dll
0x6f180000 - 0x6f187000 	C:\Windows\system32\WSOCK32.dll
0x75f70000 - 0x75fa5000 	C:\Windows\system32\WS2_32.dll
0x757a0000 - 0x757a6000 	C:\Windows\system32\NSI.dll
0x717a0000 - 0x717d2000 	C:\Windows\system32\WINMM.dll
0x75d20000 - 0x75d25000 	C:\Windows\system32\PSAPI.DLL
0x735e0000 - 0x735ec000 	C:\Program Files\Java\jre7\bin\verify.dll
0x6fda0000 - 0x6fdc0000 	C:\Program Files\Java\jre7\bin\java.dll
0x6fdc0000 - 0x6fdd3000 	C:\Program Files\Java\jre7\bin\zip.dll
0x6a740000 - 0x6a82b000 	C:\Windows\system32\dbghelp.dll
0x6f010000 - 0x6f024000 	C:\Program Files\Java\jre7\bin\net.dll
0x74d80000 - 0x74dbc000 	C:\Windows\system32\mswsock.dll
0x74d70000 - 0x74d76000 	C:\Windows\System32\wship6.dll

VM Arguments:
jvm_args: -Dfile.encoding=Cp1252 
java_command: org.eclipse.jdt.internal.junit.runner.RemoteTestRunner -version 3 -port 51157 -testLoaderClass org.eclipse.jdt.internal.junit4.runner.JUnit4TestLoader -loaderpluginname org.eclipse.jdt.junit4.runtime -classNames junit.Mail_Login_Register
Launcher Type: SUN_STANDARD

Environment Variables:
JAVA_HOME=C:\Program Files\Java\jre7
PATH=C:/Program Files/Java/jre7/bin/client;C:/Program Files/Java/jre7/bin;C:/Program Files/Java/jre7/lib/i386;C:\Windows\system32;C:\Windows;C:\Windows\System32\Wbem;C:\Windows\System32\WindowsPowerShell\v1.0\;C:\Program Files\Microsoft SQL Server\80\Tools\Binn\;C:\Program Files\Microsoft SQL Server\90\DTS\Binn\;C:\Program Files\Microsoft SQL Server\90\Tools\binn\;C:\Program Files\Microsoft SQL Server\90\Tools\Binn\VSShell\Common7\IDE\;C:\Program Files\Microsoft Visual Studio 8\Common7\IDE\PrivateAssemblies\;E:\Library\Sikuli\libs;D:\eclipse-jee-kepler-R-win32\eclipse;
USERNAME=MINDQ
OS=Windows_NT
PROCESSOR_IDENTIFIER=x86 Family 6 Model 23 Stepping 10, GenuineIntel



---------------  S Y S T E M  ---------------

OS: Windows 7 Build 7600 

CPU:total 2 (2 cores per cpu, 1 threads per core) family 6 model 23 stepping 10, cmov, cx8, fxsr, mmx, sse, sse2, sse3, ssse3, sse4.1, tsc

Memory: 4k page, physical 2086392k(1061428k free), swap 4172784k(2710248k free)

vm_info: Java HotSpot(TM) Client VM (23.25-b01) for windows-x86 JRE (1.7.0_25-b17), built on Jun 21 2013 13:06:48 by "java_re" with unknown MS VC++:1600

time: Fri Jan 03 10:32:07 2014
elapsed time: 0 seconds

